wheel2/build/outputs/logs/manifest-merger-debug-report.txt
-- Merging decision tree log ---
manifest
ADDED from src\main\AndroidManifest.xml:2:1-7:12
INJECTED from src\main\AndroidManifest.xml:2:1-7:12
INJECTED from src\main\AndroidManifest.xml:2:1-7:12
INJECTED from src\main\AndroidManifest.xml:2:1-7:12
INJECTED from src\main\AndroidManifest.xml:2:1-7:12
INJECTED from src\main\AndroidManifest.xml:2:1-7:12
INJECTED from src\main\AndroidManifest.xml:2:1-7:12
	package
		ADDED from src\main\AndroidManifest.xml:3:7-29
		INJECTED from src\main\AndroidManifest.xml
		INJECTED from src\main\AndroidManifest.xml
	android:versionName
		ADDED from src\main\AndroidManifest.xml:3:54-79
		INJECTED from src\main\AndroidManifest.xml
		INJECTED from src\main\AndroidManifest.xml
	xmlns:android
		ADDED from src\main\AndroidManifest.xml:2:11-69
	android:versionCode
		ADDED from src\main\AndroidManifest.xml:3:30-53
		INJECTED from src\main\AndroidManifest.xml
		INJECTED from src\main\AndroidManifest.xml
application
ADDED from src\main\AndroidManifest.xml:4:5-5:15
	android:label
		ADDED from src\main\AndroidManifest.xml:4:18-54
uses-sdk
ADDED from src\main\AndroidManifest.xml:6:5-71
INJECTED from src\main\AndroidManifest.xml:6:5-71
INJECTED from src\main\AndroidManifest.xml:6:5-71
INJECTED from src\main\AndroidManifest.xml:6:5-71
INJECTED from src\main\AndroidManifest.xml:6:5-71
	android:targetSdkVersion
		ADDED from src\main\AndroidManifest.xml:6:41-69
		INJECTED from src\main\AndroidManifest.xml
		INJECTED from src\main\AndroidManifest.xml
	android:minSdkVersion
		ADDED from src\main\AndroidManifest.xml:6:15-40
		INJECTED from src\main\AndroidManifest.xml
		INJECTED from src\main\AndroidManifest.xml